#-----------------------------------------------------------
# Webtalk v2017.3 (64-bit)
# SW Build 2018833 on Wed Oct  4 19:58:22 MDT 2017
# 
# Start of session at: Mon Jan 22 23:46:28 2018
# Process ID: 7252
# Current directory: G:/ECE544/project_1/project_1.sdk/webtalk
# Command line: wbtcv.exe -mode batch -source sdk_webtalk.tcl
# Log file: G:/ECE544/project_1/project_1.sdk/webtalk/webtalk.log
# Journal file: G:/ECE544/project_1/project_1.sdk/webtalk\webtalk.jou
#-----------------------------------------------------------
source sdk_webtalk.tcl
# webtalk_init -webtalk_dir G:\\ECE544\\project_1\\project_1.sdk\\webtalk
# webtalk_register_client -client project
# webtalk_add_data -client project -key date_generated -value "2018-01-22 23:46:26" -context "software_version_and_target_device"
# webtalk_add_data -client project -key product_version -value "SDK v2017.3" -context "software_version_and_target_device"
# webtalk_add_data -client project -key build_version -value "2017.3" -context "software_version_and_target_device"
# webtalk_add_data -client project -key os_platform -value "amd64" -context "software_version_and_target_device"
# webtalk_add_data -client project -key registration_id -value "" -context "software_version_and_target_device"
# webtalk_add_data -client project -key tool_flow -value "SDK" -context "software_version_and_target_device"
# webtalk_add_data -client project -key beta -value "false" -context "software_version_and_target_device"
# webtalk_add_data -client project -key route_design -value "NA" -context "software_version_and_target_device"
# webtalk_add_data -client project -key target_family -value "NA" -context "software_version_and_target_device"
# webtalk_add_data -client project -key target_device -value "NA" -context "software_version_and_target_device"
# webtalk_add_data -client project -key target_package -value "NA" -context "software_version_and_target_device"
# webtalk_add_data -client project -key target_speed -value "NA" -context "software_version_and_target_device"
# webtalk_add_data -client project -key random_id -value "2ds7bltggl5skcr8vroohk0j44" -context "software_version_and_target_device"
# webtalk_add_data -client project -key project_id -value "2017.3_6" -context "software_version_and_target_device"
# webtalk_add_data -client project -key project_iteration -value "6" -context "software_version_and_target_device"
# webtalk_add_data -client project -key os_name -value "Microsoft Windows 8 or later , 64-bit" -context "user_environment"
# webtalk_add_data -client project -key os_release -value "major release  (build 9200)" -context "user_environment"
# webtalk_add_data -client project -key cpu_name -value "Intel(R) Core(TM) i7-7500U CPU @ 2.70GHz" -context "user_environment"
# webtalk_add_data -client project -key cpu_speed -value "2904 MHz" -context "user_environment"
# webtalk_add_data -client project -key total_processors -value "1" -context "user_environment"
# webtalk_add_data -client project -key system_ram -value "8.452 GB" -context "user_environment"
# webtalk_register_client -client sdk
# webtalk_add_data -client sdk -key uid -value "1516690825055" -context "sdk\\\\bsp/1516690825055"
# webtalk_add_data -client sdk -key hwid -value "1516572513300" -context "sdk\\\\bsp/1516690825055"
# webtalk_add_data -client sdk -key os -value "standalone" -context "sdk\\\\bsp/1516690825055"
# webtalk_add_data -client sdk -key apptemplate -value "null" -context "sdk\\\\bsp/1516690825055"
# webtalk_add_data -client sdk -key RecordType -value "BSPCreation" -context "sdk\\\\bsp/1516690825055"
# webtalk_add_data -client sdk -key uid -value "NA" -context "sdk\\\\bsp/1516693586275"
# webtalk_add_data -client sdk -key RecordType -value "ToolUsage" -context "sdk\\\\bsp/1516693586275"
# webtalk_add_data -client sdk -key BootgenCount -value "0" -context "sdk\\\\bsp/1516693586275"
# webtalk_add_data -client sdk -key DebugCount -value "0" -context "sdk\\\\bsp/1516693586275"
# webtalk_add_data -client sdk -key PerfCount -value "0" -context "sdk\\\\bsp/1516693586275"
# webtalk_add_data -client sdk -key FlashCount -value "0" -context "sdk\\\\bsp/1516693586275"
# webtalk_add_data -client sdk -key CrossTriggCount -value "0" -context "sdk\\\\bsp/1516693586275"
# webtalk_add_data -client sdk -key QemuDebugCount -value "0" -context "sdk\\\\bsp/1516693586275"
# webtalk_transmit -clientid 2301683415 -regid "" -xml G:\\ECE544\\project_1\\project_1.sdk\\webtalk\\usage_statistics_ext_sdk.xml -html G:\\ECE544\\project_1\\project_1.sdk\\webtalk\\usage_statistics_ext_sdk.html -wdm G:\\ECE544\\project_1\\project_1.sdk\\webtalk\\sdk_webtalk.wdm -intro "<H3>SDK Usage Report</H3><BR>"
# webtalk_terminate
INFO: [Common 17-206] Exiting Webtalk at Mon Jan 22 23:46:29 2018...
