Copyright 1986-2017 Xilinx, Inc. All Rights Reserved.
------------------------------------------------------------------------------------
| Tool Version : Vivado v.2017.3 (win64) Build 2018833 Wed Oct  4 19:58:22 MDT 2017
| Date         : Tue Jan 30 14:55:08 2018
| Host         : LAPTOP-C1T6PIG6 running 64-bit major release  (build 9200)
| Command      : report_control_sets -file n4fpga_control_sets_placed.rpt
| Design       : n4fpga
| Device       : xc7a100t
------------------------------------------------------------------------------------

Control Set Information

Table of Contents
-----------------
1. Summary
2. Flip-Flop Distribution

1. Summary
----------

+-------------------------------+-------+
|             Status            | Count |
+-------------------------------+-------+
| Number of unique control sets |   260 |
+-------------------------------+-------+


2. Flip-Flop Distribution
-------------------------

+--------------+-----------------------+------------------------+-----------------+--------------+
| Clock Enable | Synchronous Set/Reset | Asynchronous Set/Reset | Total Registers | Total Slices |
+--------------+-----------------------+------------------------+-----------------+--------------+
| No           | No                    | No                     |            1620 |          426 |
| No           | No                    | Yes                    |              87 |           30 |
| No           | Yes                   | No                     |             981 |          384 |
| Yes          | No                    | No                     |             573 |          141 |
| Yes          | No                    | Yes                    |             103 |           27 |
| Yes          | Yes                   | No                     |            2084 |          701 |
+--------------+-----------------------+------------------------+-----------------+--------------+


