
*** Running vivado
    with args -log embsys_xbar_0.vds -m64 -product Vivado -mode batch -messageDb vivado.pb -notrace -source embsys_xbar_0.tcl


****** Vivado v2017.3 (64-bit)
  **** SW Build 2018833 on Wed Oct  4 19:58:22 MDT 2017
  **** IP Build 2016188 on Wed Oct  4 21:52:56 MDT 2017
    ** Copyright 1986-2017 Xilinx, Inc. All Rights Reserved.

source embsys_xbar_0.tcl -notrace
Starting RTL Elaboration : Time (s): cpu = 00:00:11 ; elapsed = 00:00:12 . Memory (MB): peak = 373.258 ; gain = 108.594
INFO: [Synth 8-638] synthesizing module 'embsys_xbar_0' [g:/ECE544/project_1/project_1.srcs/sources_1/bd/embsys/ip/embsys_xbar_0/synth/embsys_xbar_0.v:60]
INFO: [Synth 8-638] synthesizing module 'axi_crossbar_v2_1_15_axi_crossbar' [g:/ECE544/project_1/project_1.srcs/sources_1/bd/embsys/ipshared/a1b8/hdl/axi_crossbar_v2_1_vl_rfs.v:4882]
INFO: [Synth 8-638] synthesizing module 'axi_crossbar_v2_1_15_crossbar_sasd' [g:/ECE544/project_1/project_1.srcs/sources_1/bd/embsys/ipshared/a1b8/hdl/axi_crossbar_v2_1_vl_rfs.v:1240]
INFO: [Synth 8-638] synthesizing module 'axi_crossbar_v2_1_15_addr_decoder' [g:/ECE544/project_1/project_1.srcs/sources_1/bd/embsys/ipshared/a1b8/hdl/axi_crossbar_v2_1_vl_rfs.v:794]
INFO: [Synth 8-638] synthesizing module 'generic_baseblocks_v2_1_0_comparator_static' [g:/ECE544/project_1/project_1.srcs/sources_1/bd/embsys/ipshared/b752/hdl/generic_baseblocks_v2_1_vl_rfs.v:2133]
INFO: [Synth 8-638] synthesizing module 'generic_baseblocks_v2_1_0_carry_and' [g:/ECE544/project_1/project_1.srcs/sources_1/bd/embsys/ipshared/b752/hdl/generic_baseblocks_v2_1_vl_rfs.v:62]
INFO: [Synth 8-256] done synthesizing module 'generic_baseblocks_v2_1_0_carry_and' (1#1) [g:/ECE544/project_1/project_1.srcs/sources_1/bd/embsys/ipshared/b752/hdl/generic_baseblocks_v2_1_vl_rfs.v:62]
INFO: [Synth 8-256] done synthesizing module 'generic_baseblocks_v2_1_0_comparator_static' (2#1) [g:/ECE544/project_1/project_1.srcs/sources_1/bd/embsys/ipshared/b752/hdl/generic_baseblocks_v2_1_vl_rfs.v:2133]
INFO: [Synth 8-638] synthesizing module 'generic_baseblocks_v2_1_0_comparator_static__parameterized0' [g:/ECE544/project_1/project_1.srcs/sources_1/bd/embsys/ipshared/b752/hdl/generic_baseblocks_v2_1_vl_rfs.v:2133]
INFO: [Synth 8-256] done synthesizing module 'generic_baseblocks_v2_1_0_comparator_static__parameterized0' (2#1) [g:/ECE544/project_1/project_1.srcs/sources_1/bd/embsys/ipshared/b752/hdl/generic_baseblocks_v2_1_vl_rfs.v:2133]
INFO: [Synth 8-638] synthesizing module 'generic_baseblocks_v2_1_0_comparator_static__parameterized1' [g:/ECE544/project_1/project_1.srcs/sources_1/bd/embsys/ipshared/b752/hdl/generic_baseblocks_v2_1_vl_rfs.v:2133]
INFO: [Synth 8-256] done synthesizing module 'generic_baseblocks_v2_1_0_comparator_static__parameterized1' (2#1) [g:/ECE544/project_1/project_1.srcs/sources_1/bd/embsys/ipshared/b752/hdl/generic_baseblocks_v2_1_vl_rfs.v:2133]
INFO: [Synth 8-638] synthesizing module 'generic_baseblocks_v2_1_0_comparator_static__parameterized2' [g:/ECE544/project_1/project_1.srcs/sources_1/bd/embsys/ipshared/b752/hdl/generic_baseblocks_v2_1_vl_rfs.v:2133]
INFO: [Synth 8-256] done synthesizing module 'generic_baseblocks_v2_1_0_comparator_static__parameterized2' (2#1) [g:/ECE544/project_1/project_1.srcs/sources_1/bd/embsys/ipshared/b752/hdl/generic_baseblocks_v2_1_vl_rfs.v:2133]
INFO: [Synth 8-638] synthesizing module 'generic_baseblocks_v2_1_0_comparator_static__parameterized3' [g:/ECE544/project_1/project_1.srcs/sources_1/bd/embsys/ipshared/b752/hdl/generic_baseblocks_v2_1_vl_rfs.v:2133]
INFO: [Synth 8-256] done synthesizing module 'generic_baseblocks_v2_1_0_comparator_static__parameterized3' (2#1) [g:/ECE544/project_1/project_1.srcs/sources_1/bd/embsys/ipshared/b752/hdl/generic_baseblocks_v2_1_vl_rfs.v:2133]
INFO: [Synth 8-638] synthesizing module 'generic_baseblocks_v2_1_0_comparator_static__parameterized4' [g:/ECE544/project_1/project_1.srcs/sources_1/bd/embsys/ipshared/b752/hdl/generic_baseblocks_v2_1_vl_rfs.v:2133]
INFO: [Synth 8-256] done synthesizing module 'generic_baseblocks_v2_1_0_comparator_static__parameterized4' (2#1) [g:/ECE544/project_1/project_1.srcs/sources_1/bd/embsys/ipshared/b752/hdl/generic_baseblocks_v2_1_vl_rfs.v:2133]
INFO: [Synth 8-638] synthesizing module 'generic_baseblocks_v2_1_0_comparator_static__parameterized5' [g:/ECE544/project_1/project_1.srcs/sources_1/bd/embsys/ipshared/b752/hdl/generic_baseblocks_v2_1_vl_rfs.v:2133]
INFO: [Synth 8-256] done synthesizing module 'generic_baseblocks_v2_1_0_comparator_static__parameterized5' (2#1) [g:/ECE544/project_1/project_1.srcs/sources_1/bd/embsys/ipshared/b752/hdl/generic_baseblocks_v2_1_vl_rfs.v:2133]
INFO: [Synth 8-638] synthesizing module 'generic_baseblocks_v2_1_0_comparator_static__parameterized6' [g:/ECE544/project_1/project_1.srcs/sources_1/bd/embsys/ipshared/b752/hdl/generic_baseblocks_v2_1_vl_rfs.v:2133]
INFO: [Synth 8-256] done synthesizing module 'generic_baseblocks_v2_1_0_comparator_static__parameterized6' (2#1) [g:/ECE544/project_1/project_1.srcs/sources_1/bd/embsys/ipshared/b752/hdl/generic_baseblocks_v2_1_vl_rfs.v:2133]
INFO: [Synth 8-638] synthesizing module 'generic_baseblocks_v2_1_0_comparator_static__parameterized7' [g:/ECE544/project_1/project_1.srcs/sources_1/bd/embsys/ipshared/b752/hdl/generic_baseblocks_v2_1_vl_rfs.v:2133]
INFO: [Synth 8-256] done synthesizing module 'generic_baseblocks_v2_1_0_comparator_static__parameterized7' (2#1) [g:/ECE544/project_1/project_1.srcs/sources_1/bd/embsys/ipshared/b752/hdl/generic_baseblocks_v2_1_vl_rfs.v:2133]
INFO: [Synth 8-638] synthesizing module 'generic_baseblocks_v2_1_0_comparator_static__parameterized8' [g:/ECE544/project_1/project_1.srcs/sources_1/bd/embsys/ipshared/b752/hdl/generic_baseblocks_v2_1_vl_rfs.v:2133]
INFO: [Synth 8-256] done synthesizing module 'generic_baseblocks_v2_1_0_comparator_static__parameterized8' (2#1) [g:/ECE544/project_1/project_1.srcs/sources_1/bd/embsys/ipshared/b752/hdl/generic_baseblocks_v2_1_vl_rfs.v:2133]
INFO: [Synth 8-638] synthesizing module 'generic_baseblocks_v2_1_0_comparator_static__parameterized9' [g:/ECE544/project_1/project_1.srcs/sources_1/bd/embsys/ipshared/b752/hdl/generic_baseblocks_v2_1_vl_rfs.v:2133]
INFO: [Synth 8-256] done synthesizing module 'generic_baseblocks_v2_1_0_comparator_static__parameterized9' (2#1) [g:/ECE544/project_1/project_1.srcs/sources_1/bd/embsys/ipshared/b752/hdl/generic_baseblocks_v2_1_vl_rfs.v:2133]
INFO: [Synth 8-256] done synthesizing module 'axi_crossbar_v2_1_15_addr_decoder' (3#1) [g:/ECE544/project_1/project_1.srcs/sources_1/bd/embsys/ipshared/a1b8/hdl/axi_crossbar_v2_1_vl_rfs.v:794]
INFO: [Synth 8-638] synthesizing module 'axi_crossbar_v2_1_15_decerr_slave' [g:/ECE544/project_1/project_1.srcs/sources_1/bd/embsys/ipshared/a1b8/hdl/axi_crossbar_v2_1_vl_rfs.v:3500]
INFO: [Synth 8-256] done synthesizing module 'axi_crossbar_v2_1_15_decerr_slave' (4#1) [g:/ECE544/project_1/project_1.srcs/sources_1/bd/embsys/ipshared/a1b8/hdl/axi_crossbar_v2_1_vl_rfs.v:3500]
INFO: [Synth 8-638] synthesizing module 'axi_crossbar_v2_1_15_addr_arbiter_sasd' [g:/ECE544/project_1/project_1.srcs/sources_1/bd/embsys/ipshared/a1b8/hdl/axi_crossbar_v2_1_vl_rfs.v:65]
INFO: [Synth 8-256] done synthesizing module 'axi_crossbar_v2_1_15_addr_arbiter_sasd' (5#1) [g:/ECE544/project_1/project_1.srcs/sources_1/bd/embsys/ipshared/a1b8/hdl/axi_crossbar_v2_1_vl_rfs.v:65]
INFO: [Synth 8-638] synthesizing module 'axi_crossbar_v2_1_15_splitter' [g:/ECE544/project_1/project_1.srcs/sources_1/bd/embsys/ipshared/a1b8/hdl/axi_crossbar_v2_1_vl_rfs.v:4459]
INFO: [Synth 8-256] done synthesizing module 'axi_crossbar_v2_1_15_splitter' (6#1) [g:/ECE544/project_1/project_1.srcs/sources_1/bd/embsys/ipshared/a1b8/hdl/axi_crossbar_v2_1_vl_rfs.v:4459]
INFO: [Synth 8-638] synthesizing module 'axi_crossbar_v2_1_15_splitter__parameterized0' [g:/ECE544/project_1/project_1.srcs/sources_1/bd/embsys/ipshared/a1b8/hdl/axi_crossbar_v2_1_vl_rfs.v:4459]
INFO: [Synth 8-256] done synthesizing module 'axi_crossbar_v2_1_15_splitter__parameterized0' (6#1) [g:/ECE544/project_1/project_1.srcs/sources_1/bd/embsys/ipshared/a1b8/hdl/axi_crossbar_v2_1_vl_rfs.v:4459]
INFO: [Synth 8-638] synthesizing module 'generic_baseblocks_v2_1_0_mux_enc' [g:/ECE544/project_1/project_1.srcs/sources_1/bd/embsys/ipshared/b752/hdl/generic_baseblocks_v2_1_vl_rfs.v:2452]
INFO: [Synth 8-256] done synthesizing module 'generic_baseblocks_v2_1_0_mux_enc' (7#1) [g:/ECE544/project_1/project_1.srcs/sources_1/bd/embsys/ipshared/b752/hdl/generic_baseblocks_v2_1_vl_rfs.v:2452]
INFO: [Synth 8-638] synthesizing module 'generic_baseblocks_v2_1_0_mux_enc__parameterized0' [g:/ECE544/project_1/project_1.srcs/sources_1/bd/embsys/ipshared/b752/hdl/generic_baseblocks_v2_1_vl_rfs.v:2452]
INFO: [Synth 8-256] done synthesizing module 'generic_baseblocks_v2_1_0_mux_enc__parameterized0' (7#1) [g:/ECE544/project_1/project_1.srcs/sources_1/bd/embsys/ipshared/b752/hdl/generic_baseblocks_v2_1_vl_rfs.v:2452]
INFO: [Synth 8-638] synthesizing module 'generic_baseblocks_v2_1_0_mux_enc__parameterized1' [g:/ECE544/project_1/project_1.srcs/sources_1/bd/embsys/ipshared/b752/hdl/generic_baseblocks_v2_1_vl_rfs.v:2452]
INFO: [Synth 8-256] done synthesizing module 'generic_baseblocks_v2_1_0_mux_enc__parameterized1' (7#1) [g:/ECE544/project_1/project_1.srcs/sources_1/bd/embsys/ipshared/b752/hdl/generic_baseblocks_v2_1_vl_rfs.v:2452]
INFO: [Synth 8-638] synthesizing module 'axi_register_slice_v2_1_14_axic_register_slice' [g:/ECE544/project_1/project_1.srcs/sources_1/bd/embsys/ipshared/a259/hdl/axi_register_slice_v2_1_vl_rfs.v:189]
INFO: [Synth 8-256] done synthesizing module 'axi_register_slice_v2_1_14_axic_register_slice' (8#1) [g:/ECE544/project_1/project_1.srcs/sources_1/bd/embsys/ipshared/a259/hdl/axi_register_slice_v2_1_vl_rfs.v:189]
INFO: [Synth 8-638] synthesizing module 'generic_baseblocks_v2_1_0_mux_enc__parameterized2' [g:/ECE544/project_1/project_1.srcs/sources_1/bd/embsys/ipshared/b752/hdl/generic_baseblocks_v2_1_vl_rfs.v:2452]
INFO: [Synth 8-256] done synthesizing module 'generic_baseblocks_v2_1_0_mux_enc__parameterized2' (8#1) [g:/ECE544/project_1/project_1.srcs/sources_1/bd/embsys/ipshared/b752/hdl/generic_baseblocks_v2_1_vl_rfs.v:2452]
INFO: [Synth 8-256] done synthesizing module 'axi_crossbar_v2_1_15_crossbar_sasd' (9#1) [g:/ECE544/project_1/project_1.srcs/sources_1/bd/embsys/ipshared/a1b8/hdl/axi_crossbar_v2_1_vl_rfs.v:1240]
INFO: [Synth 8-256] done synthesizing module 'axi_crossbar_v2_1_15_axi_crossbar' (10#1) [g:/ECE544/project_1/project_1.srcs/sources_1/bd/embsys/ipshared/a1b8/hdl/axi_crossbar_v2_1_vl_rfs.v:4882]
INFO: [Synth 8-256] done synthesizing module 'embsys_xbar_0' (11#1) [g:/ECE544/project_1/project_1.srcs/sources_1/bd/embsys/ip/embsys_xbar_0/synth/embsys_xbar_0.v:60]
Finished RTL Elaboration : Time (s): cpu = 00:00:18 ; elapsed = 00:00:19 . Memory (MB): peak = 520.633 ; gain = 255.969
Finished RTL Optimization Phase 1 : Time (s): cpu = 00:00:18 ; elapsed = 00:00:20 . Memory (MB): peak = 520.633 ; gain = 255.969
INFO: [Device 21-403] Loading part xc7a100tcsg324-1
Constraint Validation Runtime : Time (s): cpu = 00:00:00 ; elapsed = 00:00:00.100 . Memory (MB): peak = 778.387 ; gain = 0.074
Finished Constraint Validation : Time (s): cpu = 00:00:32 ; elapsed = 00:00:35 . Memory (MB): peak = 778.387 ; gain = 513.723
Finished Loading Part and Timing Information : Time (s): cpu = 00:00:32 ; elapsed = 00:00:35 . Memory (MB): peak = 778.387 ; gain = 513.723
Finished applying 'set_property' XDC Constraints : Time (s): cpu = 00:00:32 ; elapsed = 00:00:35 . Memory (MB): peak = 778.387 ; gain = 513.723
Finished RTL Optimization Phase 2 : Time (s): cpu = 00:00:33 ; elapsed = 00:00:36 . Memory (MB): peak = 778.387 ; gain = 513.723
Finished Cross Boundary and Area Optimization : Time (s): cpu = 00:00:35 ; elapsed = 00:00:38 . Memory (MB): peak = 778.387 ; gain = 513.723
Finished Applying XDC Timing Constraints : Time (s): cpu = 00:00:45 ; elapsed = 00:00:49 . Memory (MB): peak = 778.387 ; gain = 513.723
Finished Timing Optimization : Time (s): cpu = 00:00:47 ; elapsed = 00:00:50 . Memory (MB): peak = 807.207 ; gain = 542.543
Finished Technology Mapping : Time (s): cpu = 00:00:47 ; elapsed = 00:00:51 . Memory (MB): peak = 816.570 ; gain = 551.906
Finished IO Insertion : Time (s): cpu = 00:00:48 ; elapsed = 00:00:52 . Memory (MB): peak = 816.570 ; gain = 551.906
Finished Renaming Generated Instances : Time (s): cpu = 00:00:48 ; elapsed = 00:00:52 . Memory (MB): peak = 816.570 ; gain = 551.906
Finished Rebuilding User Hierarchy : Time (s): cpu = 00:00:48 ; elapsed = 00:00:52 . Memory (MB): peak = 816.570 ; gain = 551.906
Finished Renaming Generated Ports : Time (s): cpu = 00:00:48 ; elapsed = 00:00:52 . Memory (MB): peak = 816.570 ; gain = 551.906
Finished Handling Custom Attributes : Time (s): cpu = 00:00:48 ; elapsed = 00:00:52 . Memory (MB): peak = 816.570 ; gain = 551.906
Finished Renaming Generated Nets : Time (s): cpu = 00:00:48 ; elapsed = 00:00:52 . Memory (MB): peak = 816.570 ; gain = 551.906

Report Cell Usage: 
+------+-----+------+
|      |Cell |Count |
+------+-----+------+
|1     |LUT1 |     2|
|2     |LUT2 |    20|
|3     |LUT3 |    53|
|4     |LUT4 |    75|
|5     |LUT5 |    74|
|6     |LUT6 |   245|
|7     |FDRE |   141|
+------+-----+------+
Finished Writing Synthesis Report : Time (s): cpu = 00:00:48 ; elapsed = 00:00:52 . Memory (MB): peak = 816.570 ; gain = 551.906
synth_design: Time (s): cpu = 00:00:51 ; elapsed = 00:00:55 . Memory (MB): peak = 816.570 ; gain = 558.785
