
*** Running vivado
    with args -log embsys_mdm_1_0.vds -m64 -product Vivado -mode batch -messageDb vivado.pb -notrace -source embsys_mdm_1_0.tcl


****** Vivado v2017.3 (64-bit)
  **** SW Build 2018833 on Wed Oct  4 19:58:22 MDT 2017
  **** IP Build 2016188 on Wed Oct  4 21:52:56 MDT 2017
    ** Copyright 1986-2017 Xilinx, Inc. All Rights Reserved.

source embsys_mdm_1_0.tcl -notrace
Starting RTL Elaboration : Time (s): cpu = 00:00:07 ; elapsed = 00:00:08 . Memory (MB): peak = 365.879 ; gain = 99.832
INFO: [Synth 8-638] synthesizing module 'embsys_mdm_1_0' [g:/ECE544/project_1/project_1.srcs/sources_1/bd/embsys/ip/embsys_mdm_1_0/synth/embsys_mdm_1_0.vhd:74]
INFO: [Synth 8-638] synthesizing module 'MDM' [g:/ECE544/project_1/project_1.srcs/sources_1/bd/embsys/ipshared/aa5e/hdl/mdm_v3_2_vh_rfs.vhd:13769]
INFO: [Synth 8-638] synthesizing module 'MB_BSCANE2' [g:/ECE544/project_1/project_1.srcs/sources_1/bd/embsys/ipshared/aa5e/hdl/mdm_v3_2_vh_rfs.vhd:277]
INFO: [Synth 8-256] done synthesizing module 'MB_BSCANE2' (1#1) [g:/ECE544/project_1/project_1.srcs/sources_1/bd/embsys/ipshared/aa5e/hdl/mdm_v3_2_vh_rfs.vhd:277]
INFO: [Synth 8-638] synthesizing module 'MB_BUFG' [g:/ECE544/project_1/project_1.srcs/sources_1/bd/embsys/ipshared/aa5e/hdl/mdm_v3_2_vh_rfs.vhd:328]
INFO: [Synth 8-256] done synthesizing module 'MB_BUFG' (2#1) [g:/ECE544/project_1/project_1.srcs/sources_1/bd/embsys/ipshared/aa5e/hdl/mdm_v3_2_vh_rfs.vhd:328]
INFO: [Synth 8-638] synthesizing module 'MDM_Core' [g:/ECE544/project_1/project_1.srcs/sources_1/bd/embsys/ipshared/aa5e/hdl/mdm_v3_2_vh_rfs.vhd:6641]
INFO: [Synth 8-638] synthesizing module 'JTAG_CONTROL' [g:/ECE544/project_1/project_1.srcs/sources_1/bd/embsys/ipshared/aa5e/hdl/mdm_v3_2_vh_rfs.vhd:3115]
INFO: [Synth 8-638] synthesizing module 'MB_FDC_1' [g:/ECE544/project_1/project_1.srcs/sources_1/bd/embsys/ipshared/aa5e/hdl/mdm_v3_2_vh_rfs.vhd:630]
INFO: [Synth 8-256] done synthesizing module 'MB_FDC_1' (3#1) [g:/ECE544/project_1/project_1.srcs/sources_1/bd/embsys/ipshared/aa5e/hdl/mdm_v3_2_vh_rfs.vhd:630]
INFO: [Synth 8-638] synthesizing module 'MB_FDRE_1' [g:/ECE544/project_1/project_1.srcs/sources_1/bd/embsys/ipshared/aa5e/hdl/mdm_v3_2_vh_rfs.vhd:690]
INFO: [Synth 8-256] done synthesizing module 'MB_FDRE_1' (4#1) [g:/ECE544/project_1/project_1.srcs/sources_1/bd/embsys/ipshared/aa5e/hdl/mdm_v3_2_vh_rfs.vhd:690]
INFO: [Synth 8-638] synthesizing module 'MB_SRL16E' [g:/ECE544/project_1/project_1.srcs/sources_1/bd/embsys/ipshared/aa5e/hdl/mdm_v3_2_vh_rfs.vhd:759]
INFO: [Synth 8-256] done synthesizing module 'MB_SRL16E' (5#1) [g:/ECE544/project_1/project_1.srcs/sources_1/bd/embsys/ipshared/aa5e/hdl/mdm_v3_2_vh_rfs.vhd:759]
INFO: [Synth 8-638] synthesizing module 'MB_SRL16E__parameterized1' [g:/ECE544/project_1/project_1.srcs/sources_1/bd/embsys/ipshared/aa5e/hdl/mdm_v3_2_vh_rfs.vhd:759]
INFO: [Synth 8-256] done synthesizing module 'MB_SRL16E__parameterized1' (5#1) [g:/ECE544/project_1/project_1.srcs/sources_1/bd/embsys/ipshared/aa5e/hdl/mdm_v3_2_vh_rfs.vhd:759]
INFO: [Synth 8-638] synthesizing module 'MB_SRL16E__parameterized3' [g:/ECE544/project_1/project_1.srcs/sources_1/bd/embsys/ipshared/aa5e/hdl/mdm_v3_2_vh_rfs.vhd:759]
INFO: [Synth 8-256] done synthesizing module 'MB_SRL16E__parameterized3' (5#1) [g:/ECE544/project_1/project_1.srcs/sources_1/bd/embsys/ipshared/aa5e/hdl/mdm_v3_2_vh_rfs.vhd:759]
INFO: [Synth 8-638] synthesizing module 'MB_SRL16E__parameterized5' [g:/ECE544/project_1/project_1.srcs/sources_1/bd/embsys/ipshared/aa5e/hdl/mdm_v3_2_vh_rfs.vhd:759]
INFO: [Synth 8-256] done synthesizing module 'MB_SRL16E__parameterized5' (5#1) [g:/ECE544/project_1/project_1.srcs/sources_1/bd/embsys/ipshared/aa5e/hdl/mdm_v3_2_vh_rfs.vhd:759]
INFO: [Synth 8-256] done synthesizing module 'JTAG_CONTROL' (6#1) [g:/ECE544/project_1/project_1.srcs/sources_1/bd/embsys/ipshared/aa5e/hdl/mdm_v3_2_vh_rfs.vhd:3115]
INFO: [Synth 8-256] done synthesizing module 'MDM_Core' (7#1) [g:/ECE544/project_1/project_1.srcs/sources_1/bd/embsys/ipshared/aa5e/hdl/mdm_v3_2_vh_rfs.vhd:6641]
INFO: [Synth 8-256] done synthesizing module 'MDM' (8#1) [g:/ECE544/project_1/project_1.srcs/sources_1/bd/embsys/ipshared/aa5e/hdl/mdm_v3_2_vh_rfs.vhd:13769]
INFO: [Synth 8-256] done synthesizing module 'embsys_mdm_1_0' (9#1) [g:/ECE544/project_1/project_1.srcs/sources_1/bd/embsys/ip/embsys_mdm_1_0/synth/embsys_mdm_1_0.vhd:74]
Finished RTL Elaboration : Time (s): cpu = 00:00:12 ; elapsed = 00:00:14 . Memory (MB): peak = 430.559 ; gain = 164.512
Finished RTL Optimization Phase 1 : Time (s): cpu = 00:00:13 ; elapsed = 00:00:14 . Memory (MB): peak = 430.559 ; gain = 164.512
INFO: [Device 21-403] Loading part xc7a100tcsg324-1
Constraint Validation Runtime : Time (s): cpu = 00:00:00 ; elapsed = 00:00:00.015 . Memory (MB): peak = 776.398 ; gain = 0.000
Finished Constraint Validation : Time (s): cpu = 00:00:28 ; elapsed = 00:00:30 . Memory (MB): peak = 776.398 ; gain = 510.352
Finished Loading Part and Timing Information : Time (s): cpu = 00:00:28 ; elapsed = 00:00:30 . Memory (MB): peak = 776.398 ; gain = 510.352
Finished applying 'set_property' XDC Constraints : Time (s): cpu = 00:00:28 ; elapsed = 00:00:30 . Memory (MB): peak = 776.398 ; gain = 510.352
Finished RTL Optimization Phase 2 : Time (s): cpu = 00:00:28 ; elapsed = 00:00:31 . Memory (MB): peak = 776.398 ; gain = 510.352
Finished Cross Boundary and Area Optimization : Time (s): cpu = 00:00:30 ; elapsed = 00:00:32 . Memory (MB): peak = 776.398 ; gain = 510.352
Finished Applying XDC Timing Constraints : Time (s): cpu = 00:00:40 ; elapsed = 00:00:43 . Memory (MB): peak = 776.398 ; gain = 510.352
Finished Timing Optimization : Time (s): cpu = 00:00:41 ; elapsed = 00:00:44 . Memory (MB): peak = 780.902 ; gain = 514.855
Finished Technology Mapping : Time (s): cpu = 00:00:41 ; elapsed = 00:00:44 . Memory (MB): peak = 784.391 ; gain = 518.344
Finished IO Insertion : Time (s): cpu = 00:00:42 ; elapsed = 00:00:45 . Memory (MB): peak = 784.391 ; gain = 518.344
Finished Renaming Generated Instances : Time (s): cpu = 00:00:42 ; elapsed = 00:00:45 . Memory (MB): peak = 784.391 ; gain = 518.344
Finished Rebuilding User Hierarchy : Time (s): cpu = 00:00:42 ; elapsed = 00:00:45 . Memory (MB): peak = 784.391 ; gain = 518.344
Finished Renaming Generated Ports : Time (s): cpu = 00:00:42 ; elapsed = 00:00:45 . Memory (MB): peak = 784.391 ; gain = 518.344
Finished Handling Custom Attributes : Time (s): cpu = 00:00:42 ; elapsed = 00:00:45 . Memory (MB): peak = 784.391 ; gain = 518.344
Finished Renaming Generated Nets : Time (s): cpu = 00:00:42 ; elapsed = 00:00:45 . Memory (MB): peak = 784.391 ; gain = 518.344

Report Cell Usage: 
+------+--------+------+
|      |Cell    |Count |
+------+--------+------+
|1     |BSCANE2 |     1|
|2     |BUFG    |     1|
|3     |LUT1    |     2|
|4     |LUT2    |    14|
|5     |LUT3    |    28|
|6     |LUT4    |    14|
|7     |LUT5    |    17|
|8     |LUT6    |    34|
|9     |SRL16E  |     7|
|10    |FDCE    |   100|
|11    |FDC_1   |     1|
|12    |FDPE    |     7|
|13    |FDRE    |     3|
|14    |FDRE_1  |     1|
+------+--------+------+
Finished Writing Synthesis Report : Time (s): cpu = 00:00:42 ; elapsed = 00:00:45 . Memory (MB): peak = 784.391 ; gain = 518.344
synth_design: Time (s): cpu = 00:00:44 ; elapsed = 00:00:48 . Memory (MB): peak = 786.930 ; gain = 525.867
