Vivado Simulator 2017.3
Copyright 1986-1999, 2001-2016 Xilinx, Inc. All Rights Reserved.
Running: C:/Xilinx/Vivado/2017.3/bin/unwrapped/win64.o/xelab.exe -wto 4ad9ee19e500462ca185dc7ea3ce4020 --incr --debug typical --relax --mt 2 -L microblaze_v10_0_4 -L xil_defaultlib -L dist_mem_gen_v8_0_12 -L lib_pkg_v1_0_2 -L lib_cdc_v1_0_2 -L lib_srl_fifo_v1_0_2 -L fifo_generator_v13_2_0 -L lib_fifo_v1_0_9 -L axi_lite_ipif_v3_0_4 -L interrupt_control_v3_1_4 -L axi_quad_spi_v3_2_13 -L axi_gpio_v2_0_16 -L axi_timer_v2_0_16 -L fit_timer_v2_0_8 -L axi_uartlite_v2_0_18 -L axi_intc_v4_1_10 -L xlconcat_v2_1_1 -L mdm_v3_2_11 -L proc_sys_reset_v5_0_12 -L generic_baseblocks_v2_1_0 -L axi_infrastructure_v1_1_0 -L axi_register_slice_v2_1_14 -L axi_data_fifo_v2_1_13 -L axi_crossbar_v2_1_15 -L lmb_v10_v3_0_9 -L lmb_bram_if_cntlr_v4_0_13 -L blk_mem_gen_v8_4_0 -L unisims_ver -L unimacro_ver -L secureip -L xpm --snapshot n4fpga_behav xil_defaultlib.n4fpga xil_defaultlib.glbl -log elaborate.log 
Using 2 slave threads.
Starting static elaboration
WARNING: [VRFC 10-1783] select index 62 into current_contents is out of bounds [/wrk/2017.3/nightly/2017_10_04_2018833/packages/customer/vivado/data/ip/xilinx/blk_mem_gen_v8_4/simulation/blk_mem_gen_v8_4.v:2420]
Completed static elaboration
Starting simulation data flow analysis
WARNING: [XSIM 43-4099] "G:/ECE544/project_1/project_1.srcs/sources_1/imports/Desktop/pwm_detection.sv" Line 14. Module pwm_detection doesn't have a timescale but at least one module in design has a timescale.
WARNING: [XSIM 43-4099] "G:/ECE544/project_1/project_1.srcs/sources_1/imports/Desktop/pwm_detection.sv" Line 14. Module pwm_detection doesn't have a timescale but at least one module in design has a timescale.
WARNING: [XSIM 43-4099] "G:/ECE544/project_1/project_1.srcs/sources_1/imports/Desktop/pwm_detection.sv" Line 14. Module pwm_detection doesn't have a timescale but at least one module in design has a timescale.
Completed simulation data flow analysis
Time Resolution for simulation is 1ps
Compiling package std.standard
Compiling package std.textio
Compiling package ieee.std_logic_1164
Compiling package unisim.vcomponents
Compiling package ieee.numeric_std
Compiling package ieee.std_logic_arith
Compiling package ieee.std_logic_unsigned
Compiling package synopsys.attributes
Compiling package ieee.std_logic_misc
Compiling package axi_lite_ipif_v3_0_4.ipif_pkg
Compiling package ieee.vital_timing
Compiling package ieee.vital_primitives
Compiling package unisim.vpkg
Compiling package ieee.std_logic_signed
Compiling package lib_pkg_v1_0_2.lib_pkg
Compiling package xpm.vcomponents
Compiling package axi_timer_v2_0_16.tc_types
Compiling package mdm_v3_2_11.mdm_funcs
Compiling package microblaze_v10_0_4.microblaze_types
Compiling package microblaze_v10_0_4.microblaze_isa
Compiling package microblaze_v10_0_4.mmu_types
Compiling package ieee.math_real
Compiling package lmb_bram_if_cntlr_v4_0_13.lmb_bram_if_funcs
Compiling module xil_defaultlib.pmodENC_v1_0_S00_AXI_default
Compiling module xil_defaultlib.debouncer_default
Compiling module xil_defaultlib.encoder
Compiling module xil_defaultlib.pmodENC_v1_0
Compiling module xil_defaultlib.embsys_PmodENC_0_0
Compiling module xil_defaultlib.pmod_concat_default
Compiling module xil_defaultlib.PmodOLEDrgb_pmod_bridge_0_0
Compiling architecture imp of entity axi_lite_ipif_v3_0_4.pselect_f [\pselect_f(c_ab=2,c_aw=2,c_bar="...]
Compiling architecture imp of entity axi_lite_ipif_v3_0_4.pselect_f [\pselect_f(c_ab=2,c_aw=2,c_bar="...]
Compiling architecture imp of entity axi_lite_ipif_v3_0_4.pselect_f [\pselect_f(c_ab=2,c_aw=2,c_bar="...]
Compiling architecture imp of entity axi_lite_ipif_v3_0_4.pselect_f [\pselect_f(c_ab=2,c_aw=2,c_bar="...]
Compiling architecture imp of entity axi_lite_ipif_v3_0_4.address_decoder [\address_decoder(c_bus_awidth=9,...]
Compiling architecture imp of entity axi_lite_ipif_v3_0_4.slave_attachment [\slave_attachment(c_ard_addr_ran...]
Compiling architecture imp of entity axi_lite_ipif_v3_0_4.axi_lite_ipif [\axi_lite_ipif(c_s_axi_addr_widt...]
Compiling architecture fdre_v of entity unisim.FDRE [fdre_default]
Compiling architecture fdr_v of entity unisim.FDR [fdr_default]
Compiling architecture implementation of entity lib_cdc_v1_0_2.cdc_sync [\cdc_sync(c_single_bit=0,c_vecto...]
Compiling architecture imp of entity axi_gpio_v2_0_16.GPIO_Core [\GPIO_Core(c_aw=9,c_gpio_width=4...]
Compiling architecture imp of entity axi_gpio_v2_0_16.axi_gpio [\axi_gpio(c_family="artix7",c_gp...]
Compiling architecture pmodoledrgb_axi_gpio_0_1_arch of entity xil_defaultlib.PmodOLEDrgb_axi_gpio_0_1 [pmodoledrgb_axi_gpio_0_1_default]
Compiling architecture imp of entity axi_lite_ipif_v3_0_4.pselect_f [\pselect_f(c_ab=1,c_aw=7,c_bar="...]
Compiling architecture imp of entity axi_lite_ipif_v3_0_4.pselect_f [\pselect_f(c_ab=4,c_aw=4,c_bar="...]
Compiling architecture imp of entity axi_lite_ipif_v3_0_4.pselect_f [\pselect_f(c_ab=4,c_aw=4,c_bar="...]
Compiling architecture imp of entity axi_lite_ipif_v3_0_4.pselect_f [\pselect_f(c_ab=4,c_aw=4,c_bar="...]
Compiling architecture imp of entity axi_lite_ipif_v3_0_4.pselect_f [\pselect_f(c_ab=4,c_aw=4,c_bar="...]
Compiling architecture imp of entity axi_lite_ipif_v3_0_4.pselect_f [\pselect_f(c_ab=4,c_aw=4,c_bar="...]
Compiling architecture imp of entity axi_lite_ipif_v3_0_4.pselect_f [\pselect_f(c_ab=4,c_aw=4,c_bar="...]
Compiling architecture imp of entity axi_lite_ipif_v3_0_4.pselect_f [\pselect_f(c_ab=4,c_aw=4,c_bar="...]
Compiling architecture imp of entity axi_lite_ipif_v3_0_4.pselect_f [\pselect_f(c_ab=4,c_aw=4,c_bar="...]
Compiling architecture imp of entity axi_lite_ipif_v3_0_4.pselect_f [\pselect_f(c_ab=4,c_aw=4,c_bar="...]
Compiling architecture imp of entity axi_lite_ipif_v3_0_4.pselect_f [\pselect_f(c_ab=4,c_aw=4,c_bar="...]
Compiling architecture imp of entity axi_lite_ipif_v3_0_4.pselect_f [\pselect_f(c_ab=4,c_aw=4,c_bar="...]
Compiling architecture imp of entity axi_lite_ipif_v3_0_4.pselect_f [\pselect_f(c_ab=4,c_aw=4,c_bar="...]
Compiling architecture imp of entity axi_lite_ipif_v3_0_4.pselect_f [\pselect_f(c_ab=4,c_aw=4,c_bar="...]
Compiling architecture imp of entity axi_lite_ipif_v3_0_4.pselect_f [\pselect_f(c_ab=4,c_aw=4,c_bar="...]
Compiling architecture imp of entity axi_lite_ipif_v3_0_4.pselect_f [\pselect_f(c_ab=4,c_aw=4,c_bar="...]
Compiling architecture imp of entity axi_lite_ipif_v3_0_4.pselect_f [\pselect_f(c_ab=4,c_aw=4,c_bar="...]
Compiling architecture imp of entity axi_lite_ipif_v3_0_4.pselect_f [\pselect_f(c_ab=2,c_aw=7,c_bar="...]
Compiling architecture imp of entity axi_lite_ipif_v3_0_4.pselect_f [\pselect_f(c_ab=3,c_aw=3,c_bar="...]
Compiling architecture imp of entity axi_lite_ipif_v3_0_4.pselect_f [\pselect_f(c_ab=3,c_aw=3,c_bar="...]
Compiling architecture imp of entity axi_lite_ipif_v3_0_4.pselect_f [\pselect_f(c_ab=3,c_aw=3,c_bar="...]
Compiling architecture imp of entity axi_lite_ipif_v3_0_4.pselect_f [\pselect_f(c_ab=3,c_aw=3,c_bar="...]
Compiling architecture imp of entity axi_lite_ipif_v3_0_4.pselect_f [\pselect_f(c_ab=3,c_aw=3,c_bar="...]
Compiling architecture imp of entity axi_lite_ipif_v3_0_4.pselect_f [\pselect_f(c_ab=3,c_aw=3,c_bar="...]
Compiling architecture imp of entity axi_lite_ipif_v3_0_4.pselect_f [\pselect_f(c_ab=3,c_aw=3,c_bar="...]
Compiling architecture imp of entity axi_lite_ipif_v3_0_4.pselect_f [\pselect_f(c_ab=3,c_aw=3,c_bar="...]
Compiling architecture imp of entity axi_lite_ipif_v3_0_4.pselect_f [\pselect_f(c_ab=2,c_aw=7,c_bar="...]
Compiling architecture imp of entity axi_lite_ipif_v3_0_4.address_decoder [\address_decoder(c_bus_awidth=7,...]
Compiling architecture imp of entity axi_lite_ipif_v3_0_4.slave_attachment [\slave_attachment(c_ard_addr_ran...]
Compiling architecture imp of entity axi_lite_ipif_v3_0_4.axi_lite_ipif [\axi_lite_ipif(c_s_axi_addr_widt...]
Compiling architecture implementation of entity lib_cdc_v1_0_2.cdc_sync [\cdc_sync(c_vector_width=1,c_mtb...]
Compiling architecture fdre_v of entity unisim.FDRE [\FDRE(init='1')\]
Compiling architecture fdr_v of entity unisim.FDR [\FDR(init='1')\]
Compiling architecture implementation of entity lib_cdc_v1_0_2.cdc_sync [\cdc_sync(c_vector_width=1,c_mtb...]
Compiling architecture implementation of entity lib_cdc_v1_0_2.cdc_sync [\cdc_sync(c_vector_width=1,c_mtb...]
Compiling architecture imp of entity axi_quad_spi_v3_2_13.cross_clk_sync_fifo_1 [\cross_clk_sync_fifo_1(c_family=...]
Compiling module fifo_generator_v13_2_0.fifo_generator_v13_2_0_sync_stag...
Compiling module fifo_generator_v13_2_0.fifo_generator_v13_2_0_bhv_ver_a...
Compiling module fifo_generator_v13_2_0.fifo_generator_v13_2_0_bhv_ver_p...
Compiling module fifo_generator_v13_2_0.fifo_generator_v13_2_0_CONV_VER(...
Compiling module fifo_generator_v13_2_0.fifo_generator_vlog_beh(C_DATA_C...
Compiling module fifo_generator_v13_2_0.fifo_generator_v13_2_0(C_COMMON_...
Compiling architecture implementation of entity lib_fifo_v1_0_9.async_fifo_fg [\async_fifo_fg(c_allow_2n_depth=...]
Compiling architecture implementation of entity lib_cdc_v1_0_2.cdc_sync [\cdc_sync(c_vector_width=1)\]
Compiling architecture imp of entity axi_quad_spi_v3_2_13.counter_f [\counter_f(c_num_bits=4)(1,8)\]
Compiling architecture imp of entity axi_quad_spi_v3_2_13.qspi_fifo_ifmodule [\qspi_fifo_ifmodule(c_num_transf...]
Compiling architecture imp of entity axi_quad_spi_v3_2_13.qspi_occupancy_reg [\qspi_occupancy_reg(c_occupancy_...]
Compiling architecture fd_v of entity unisim.FD [\FD(init='1')\]
Compiling architecture imp of entity axi_quad_spi_v3_2_13.qspi_mode_0_module [\qspi_mode_0_module(c_sck_ratio=...]
Compiling architecture imp of entity axi_quad_spi_v3_2_13.qspi_status_slave_sel_reg [\qspi_status_slave_sel_reg(c_spi...]
Compiling architecture imp of entity axi_quad_spi_v3_2_13.reset_sync_module [reset_sync_module_default]
Compiling architecture imp of entity axi_quad_spi_v3_2_13.qspi_cntrl_reg [\qspi_cntrl_reg(c_s_axi_data_wid...]
Compiling architecture lut4_v of entity unisim.LUT4 [\LUT4(init="1111111111001010")(0...]
Compiling architecture fdrse_v of entity unisim.FDRSE [fdrse_default]
Compiling architecture implementation of entity axi_quad_spi_v3_2_13.soft_reset [\soft_reset(c_reset_width=16)\]
Compiling architecture implementation of entity interrupt_control_v3_1_4.interrupt_control [\interrupt_control(c_num_ce=16,c...]
Compiling architecture imp of entity axi_quad_spi_v3_2_13.qspi_core_interface [\qspi_core_interface(c_family="a...]
Compiling architecture fd_v of entity unisim.FD [fd_default]
Compiling architecture imp of entity axi_quad_spi_v3_2_13.axi_quad_spi_top [\axi_quad_spi_top(async_clk=1,c_...]
Compiling architecture imp of entity axi_quad_spi_v3_2_13.axi_quad_spi [\axi_quad_spi(async_clk=1,c_fami...]
Compiling architecture pmodoledrgb_axi_quad_spi_0_0_arch of entity xil_defaultlib.PmodOLEDrgb_axi_quad_spi_0_0 [pmodoledrgb_axi_quad_spi_0_0_def...]
Compiling module xil_defaultlib.PmodOLEDrgb_v1_0
Compiling module xil_defaultlib.embsys_PmodOLEDrgb_0_0
Compiling architecture implementation of entity lib_cdc_v1_0_2.cdc_sync [\cdc_sync(c_single_bit=0,c_vecto...]
Compiling architecture imp of entity axi_gpio_v2_0_16.GPIO_Core [\GPIO_Core(c_aw=9,c_gpio_width=8...]
Compiling architecture imp of entity axi_gpio_v2_0_16.axi_gpio [\axi_gpio(c_family="artix7",c_gp...]
Compiling architecture embsys_axi_gpio_0_0_arch of entity xil_defaultlib.embsys_axi_gpio_0_0 [embsys_axi_gpio_0_0_default]
Compiling architecture implementation of entity lib_cdc_v1_0_2.cdc_sync [\cdc_sync(c_single_bit=0,c_mtbf_...]
Compiling architecture imp of entity axi_gpio_v2_0_16.GPIO_Core [\GPIO_Core(c_aw=9,c_is_dual=1,c_...]
Compiling architecture imp of entity axi_gpio_v2_0_16.axi_gpio [\axi_gpio(c_family="artix7",c_al...]
Compiling architecture embsys_axi_gpio_1_0_arch of entity xil_defaultlib.embsys_axi_gpio_1_0 [embsys_axi_gpio_1_0_default]
Compiling architecture embsys_axi_gpio_2_0_arch of entity xil_defaultlib.embsys_axi_gpio_2_0 [embsys_axi_gpio_2_0_default]
Compiling architecture embsys_axi_gpio_3_0_arch of entity xil_defaultlib.embsys_axi_gpio_3_0 [embsys_axi_gpio_3_0_default]
Compiling architecture muxcy_v of entity unisim.MUXCY [muxcy_default]
Compiling architecture imp of entity axi_timer_v2_0_16.mux_onehot_f [\mux_onehot_f(c_nb=6,c_family="a...]
Compiling architecture imp of entity axi_timer_v2_0_16.counter_f [\counter_f(c_num_bits=32,c_famil...]
Compiling architecture imp of entity axi_timer_v2_0_16.count_module [\count_module(c_family="artix7")...]
Compiling architecture implementation of entity lib_cdc_v1_0_2.cdc_sync [\cdc_sync(c_mtbf_stages=4)\]
Compiling architecture imp of entity axi_timer_v2_0_16.timer_control [\timer_control(c_ard_num_ce_arra...]
Compiling architecture lut2_v of entity unisim.LUT2 [\LUT2(init="1110")(0,3)\]
Compiling architecture fdrs_v of entity unisim.FDRS [fdrs_default]
Compiling architecture imp of entity axi_timer_v2_0_16.tc_core [\tc_core(c_family="artix7",c_one...]
Compiling architecture imp of entity axi_lite_ipif_v3_0_4.address_decoder [\address_decoder(c_bus_awidth=5,...]
Compiling architecture imp of entity axi_lite_ipif_v3_0_4.slave_attachment [\slave_attachment(c_ard_addr_ran...]
Compiling architecture imp of entity axi_lite_ipif_v3_0_4.axi_lite_ipif [\axi_lite_ipif(c_s_axi_addr_widt...]
Compiling architecture imp of entity axi_timer_v2_0_16.axi_timer [\axi_timer(c_family="artix7",c_o...]
Compiling architecture embsys_axi_timer_0_0_arch of entity xil_defaultlib.embsys_axi_timer_0_0 [embsys_axi_timer_0_0_default]
Compiling architecture rtl of entity axi_uartlite_v2_0_18.baudrate [\baudrate(c_ratio=54)\]
Compiling architecture behavioral of entity axi_uartlite_v2_0_18.dynshreg_i_f [\dynshreg_i_f(c_depth=16,c_famil...]
Compiling architecture imp of entity lib_srl_fifo_v1_0_2.cntr_incr_decr_addn_f [\cntr_incr_decr_addn_f(c_size=5,...]
Compiling architecture behavioral of entity lib_srl_fifo_v1_0_2.dynshreg_f [\dynshreg_f(c_depth=16,c_dwidth=...]
Compiling architecture imp of entity lib_srl_fifo_v1_0_2.srl_fifo_rbu_f [\srl_fifo_rbu_f(c_dwidth=8,c_fam...]
Compiling architecture imp of entity lib_srl_fifo_v1_0_2.srl_fifo_f [\srl_fifo_f(c_dwidth=8,c_family=...]
Compiling architecture rtl of entity axi_uartlite_v2_0_18.uartlite_rx [\uartlite_rx(c_family="artix7")(...]
Compiling architecture behavioral of entity axi_uartlite_v2_0_18.dynshreg_i_f [\dynshreg_i_f(c_depth=16,c_init_...]
Compiling architecture rtl of entity axi_uartlite_v2_0_18.uartlite_tx [\uartlite_tx(c_family="artix7")(...]
Compiling architecture rtl of entity axi_uartlite_v2_0_18.uartlite_core [\uartlite_core(c_family="artix7"...]
Compiling architecture imp of entity axi_lite_ipif_v3_0_4.address_decoder [\address_decoder(c_bus_awidth=4,...]
Compiling architecture imp of entity axi_lite_ipif_v3_0_4.slave_attachment [\slave_attachment(c_ard_addr_ran...]
Compiling architecture imp of entity axi_lite_ipif_v3_0_4.axi_lite_ipif [\axi_lite_ipif(c_s_axi_addr_widt...]
Compiling architecture rtl of entity axi_uartlite_v2_0_18.axi_uartlite [\axi_uartlite(c_family="artix7",...]
Compiling architecture embsys_axi_uartlite_0_0_arch of entity xil_defaultlib.embsys_axi_uartlite_0_0 [embsys_axi_uartlite_0_0_default]
Compiling module unisims_ver.IBUF
Compiling module unisims_ver.MMCME2_ADV(CLKFBOUT_MULT_F=7.0,C...
Compiling module unisims_ver.BUFG
Compiling module xil_defaultlib.embsys_clk_wiz_1_0_clk_wiz
Compiling module xil_defaultlib.embsys_clk_wiz_1_0
Compiling architecture srl16e_v of entity unisim.SRL16E [\SRL16E(init="0000000000000001")...]
Compiling architecture vhdl_rtl of entity fit_timer_v2_0_8.Divide_part [\Divide_part(ratio=10)\]
Compiling architecture vhdl_rtl of entity fit_timer_v2_0_8.Divide_part [\Divide_part(ratio=10,first=fals...]
Compiling architecture vhdl_rtl of entity fit_timer_v2_0_8.Divide_part [\Divide_part(ratio=5,first=false...]
Compiling architecture vhdl_rtl of entity fit_timer_v2_0_8.FIT_timer [\FIT_timer(c_family="artix7",c_n...]
Compiling architecture embsys_fit_timer_0_0_arch of entity xil_defaultlib.embsys_fit_timer_0_0 [embsys_fit_timer_0_0_default]
Compiling architecture bscane2_v of entity unisim.BSCANE2 [\BSCANE2(jtag_chain=2)(1,5)\]
Compiling architecture imp of entity mdm_v3_2_11.MB_BSCANE2 [\MB_BSCANE2(c_target=non_rtl,jta...]
Compiling architecture bufg_v of entity unisim.BUFG [bufg_default]
Compiling architecture imp of entity mdm_v3_2_11.MB_BUFG [\MB_BUFG(c_target=non_rtl)\]
Compiling architecture fdce_v of entity unisim.FDCE [fdce_default]
Compiling architecture fdc_1_v of entity unisim.FDC_1 [fdc_1_default]
Compiling architecture imp of entity mdm_v3_2_11.MB_FDC_1 [\MB_FDC_1(c_target=non_rtl)\]
Compiling architecture fdre_1_v of entity unisim.FDRE_1 [fdre_1_default]
Compiling architecture imp of entity mdm_v3_2_11.MB_FDRE_1 [\MB_FDRE_1(c_target=non_rtl)\]
Compiling architecture srl16e_v of entity unisim.SRL16E [\SRL16E(init="0000000101100111")...]
Compiling architecture imp of entity mdm_v3_2_11.MB_SRL16E [\MB_SRL16E(c_target=non_rtl,c_st...]
Compiling architecture srl16e_v of entity unisim.SRL16E [\SRL16E(init="0100001010000111")...]
Compiling architecture imp of entity mdm_v3_2_11.MB_SRL16E [\MB_SRL16E(c_target=non_rtl,c_st...]
Compiling architecture srl16e_v of entity unisim.SRL16E [\SRL16E(init="0100010001000011")...]
Compiling architecture imp of entity mdm_v3_2_11.MB_SRL16E [\MB_SRL16E(c_target=non_rtl,c_st...]
Compiling architecture srl16e_v of entity unisim.SRL16E [\SRL16E(init="0101100001001101")...]
Compiling architecture imp of entity mdm_v3_2_11.MB_SRL16E [\MB_SRL16E(c_target=non_rtl,c_st...]
Compiling architecture imp of entity mdm_v3_2_11.JTAG_CONTROL [\JTAG_CONTROL(c_target=non_rtl,c...]
Compiling architecture imp of entity mdm_v3_2_11.MDM_Core [\MDM_Core(c_target=non_rtl,c_jta...]
Compiling architecture imp of entity mdm_v3_2_11.MDM [\MDM(c_family="artix7",c_bscanid...]
Compiling architecture embsys_mdm_1_0_arch of entity xil_defaultlib.embsys_mdm_1_0 [embsys_mdm_1_0_default]
Compiling architecture imp of entity microblaze_v10_0_4.DAXI_interface [\DAXI_interface(c_data_size=32,c...]
Compiling architecture and2b1l_v of entity unisim.AND2B1L [and2b1l_default]
Compiling architecture imp of entity microblaze_v10_0_4.MB_AND2B1L [\MB_AND2B1L(c_target=artix7)\]
Compiling architecture srl16e_v of entity unisim.SRL16E [\SRL16E(init="1111111111111111")...]
Compiling architecture imp of entity microblaze_v10_0_4.MB_SRL16E [\MB_SRL16E(c_target=artix7,c_use...]
Compiling architecture srl16e_v of entity unisim.SRL16E [\SRL16E(init="0011111111111111")...]
Compiling architecture imp of entity microblaze_v10_0_4.MB_SRL16E [\MB_SRL16E(c_target=artix7,c_use...]
Compiling architecture srl16e_v of entity unisim.SRL16E [\SRL16E(init="0000000000011011")...]
Compiling architecture imp of entity microblaze_v10_0_4.MB_SRL16E [\MB_SRL16E(c_target=artix7,c_use...]
Compiling architecture srl16e_v of entity unisim.SRL16E [\SRL16E(15,0)\]
Compiling architecture imp of entity microblaze_v10_0_4.MB_SRL16E [\MB_SRL16E(c_target=artix7,c_use...]
Compiling architecture srl16e_v of entity unisim.SRL16E [\SRL16E(init="0000000001100100")...]
Compiling architecture imp of entity microblaze_v10_0_4.MB_SRL16E [\MB_SRL16E(c_target=artix7,c_use...]
Compiling architecture srl16e_v of entity unisim.SRL16E [\SRL16E(init="0010010000000000")...]
Compiling architecture imp of entity microblaze_v10_0_4.MB_SRL16E [\MB_SRL16E(c_target=artix7,c_use...]
Compiling architecture imp of entity microblaze_v10_0_4.mb_sync_bit [\mb_sync_bit(c_levels=1,c_reset_...]
Compiling architecture imp of entity microblaze_v10_0_4.mb_sync_vec [\mb_sync_vec(c_levels=1,c_reset_...]
Compiling architecture imp of entity microblaze_v10_0_4.mb_sync_bit [\mb_sync_bit(c_levels=1)\]
Compiling architecture imp of entity microblaze_v10_0_4.mb_sync_vec [\mb_sync_vec(c_width=10)\]
Compiling architecture srlc16e_v of entity unisim.SRLC16E [\SRLC16E(0,15)\]
Compiling architecture imp of entity microblaze_v10_0_4.MB_SRLC16E [\MB_SRLC16E(c_target=artix7,c_us...]
Compiling architecture imp of entity microblaze_v10_0_4.address_hit [\address_hit(c_target=artix7,c_f...]
Compiling architecture imp of entity microblaze_v10_0_4.Debug [\Debug(c_data_size=32,c_instr_si...]
Compiling architecture imp of entity microblaze_v10_0_4.interrupt_mode_converter [\interrupt_mode_converter(c_edge...]
Compiling architecture lut6_v of entity unisim.LUT6 [\LUT6(init="10010000000010010000...]
Compiling architecture imp of entity microblaze_v10_0_4.MB_LUT6 [\MB_LUT6(c_target=artix7,init="1...]
Compiling architecture lut6_v of entity unisim.LUT6 [\LUT6(init="10010000000010010000...]
Compiling architecture imp of entity microblaze_v10_0_4.MB_LUT6 [\MB_LUT6(c_target=artix7,init="1...]
Compiling architecture imp of entity microblaze_v10_0_4.MB_FDRE [\MB_FDRE(c_target=artix7)\]
Compiling architecture muxcy_l_v of entity unisim.MUXCY_L [muxcy_l_default]
Compiling architecture xorcy_v of entity unisim.XORCY [xorcy_default]
Compiling architecture imp of entity microblaze_v10_0_4.MB_MUXCY_XORCY [\MB_MUXCY_XORCY(c_target=artix7)...]
Compiling architecture muxf7_v of entity unisim.MUXF7 [muxf7_default]
Compiling architecture imp of entity microblaze_v10_0_4.MB_MUXF7 [\MB_MUXF7(c_target=artix7)\]
Compiling architecture imp of entity microblaze_v10_0_4.MB_FDR [\MB_FDR(c_target=artix7)\]
Compiling architecture imp of entity microblaze_v10_0_4.PC_Module_gti [\PC_Module_gti(c_data_size=32,c_...]
Compiling architecture lut6_v of entity unisim.LUT6 [\LUT6(init="00000000000000000000...]
Compiling architecture imp of entity microblaze_v10_0_4.MB_LUT6 [\MB_LUT6(c_target=artix7,init="0...]
Compiling architecture lut6_v of entity unisim.LUT6 [\LUT6(init="00000000000000001111...]
Compiling architecture imp of entity microblaze_v10_0_4.MB_LUT6 [\MB_LUT6(c_target=artix7,init="0...]
Compiling architecture lut6_v of entity unisim.LUT6 [\LUT6(init="11111111000000001111...]
Compiling architecture imp of entity microblaze_v10_0_4.MB_LUT6 [\MB_LUT6(c_target=artix7,init="1...]
Compiling architecture fdse_v of entity unisim.FDSE [fdse_default]
Compiling architecture fds_v of entity unisim.FDS [fds_default]
Compiling architecture imp of entity microblaze_v10_0_4.MB_FDS [\MB_FDS(c_target=artix7)\]
Compiling architecture lut6_v of entity unisim.LUT6 [\LUT6(init="00000000111111110000...]
Compiling architecture imp of entity microblaze_v10_0_4.MB_LUT6 [\MB_LUT6(c_target=artix7,init="0...]
Compiling architecture imp of entity microblaze_v10_0_4.PreFetch_Buffer_gti [\PreFetch_Buffer_gti(c_data_size...]
Compiling architecture imp of entity microblaze_v10_0_4.MB_MUXCY [\MB_MUXCY(c_target=artix7)\]
Compiling architecture imp of entity microblaze_v10_0_4.carry_and [\carry_and(c_target=artix7)\]
Compiling architecture imp of entity microblaze_v10_0_4.jump_logic [\jump_logic(c_instr_size=32,c_ta...]
Compiling architecture imp of entity microblaze_v10_0_4.carry_or [\carry_or(c_target=artix7)\]
Compiling architecture imp of entity microblaze_v10_0_4.Decode_gti [\Decode_gti(c_data_size=32,c_ins...]
Compiling architecture lut6_2_v of entity unisim.LUT6_2 [\LUT6_2(init="000000001111111100...]
Compiling architecture imp of entity microblaze_v10_0_4.MB_LUT6_2 [\MB_LUT6_2(c_target=artix7,init=...]
Compiling architecture ram32m_v of entity unisim.RAM32M [ram32m_default]
Compiling architecture imp of entity microblaze_v10_0_4.MB_RAM32M [\MB_RAM32M(c_target=artix7,c_use...]
Compiling architecture imp of entity microblaze_v10_0_4.Register_File_gti [\Register_File_gti(c_data_size=3...]
Compiling architecture imp of entity microblaze_v10_0_4.Operand_Select_gti [\Operand_Select_gti(c_data_size=...]
Compiling architecture lut6_2_v of entity unisim.LUT6_2 [\LUT6_2(init="011000000111101010...]
Compiling architecture imp of entity microblaze_v10_0_4.MB_LUT6_2 [\MB_LUT6_2(c_target=artix7,init=...]
Compiling architecture imp of entity microblaze_v10_0_4.ALU_Bit [\ALU_Bit(c_target=artix7,c_allow...]
Compiling architecture lut6_v of entity unisim.LUT6 [\LUT6(init="01100000011110101010...]
Compiling architecture imp of entity microblaze_v10_0_4.MB_LUT6 [\MB_LUT6(c_target=artix7,init="0...]
Compiling architecture lut4_v of entity unisim.LUT4 [\LUT4(init="1111101000001010")(0...]
Compiling architecture imp of entity microblaze_v10_0_4.MB_LUT4 [\MB_LUT4(c_target=artix7,init="1...]
Compiling architecture lut2_v of entity unisim.LUT2 [\LUT2(init="1000")(0,3)\]
Compiling architecture mult_and_v of entity unisim.MULT_AND [mult_and_default]
Compiling architecture imp of entity microblaze_v10_0_4.MB_MULT_AND [\MB_MULT_AND(c_target=artix7)\]
Compiling architecture imp of entity microblaze_v10_0_4.ALU_Bit [\ALU_Bit(c_target=artix7,c_allow...]
Compiling architecture imp of entity microblaze_v10_0_4.ALU [\ALU(c_data_size=32,c_allow_lut6...]
Compiling architecture imp of entity microblaze_v10_0_4.MB_LUT6 [\MB_LUT6(c_target=rtl,init="1100...]
Compiling architecture imp of entity microblaze_v10_0_4.MB_LUT6 [\MB_LUT6(c_target=rtl,init="1100...]
Compiling architecture imp of entity microblaze_v10_0_4.MB_LUT6 [\MB_LUT6(c_target=rtl,init="1100...]
Compiling architecture imp of entity microblaze_v10_0_4.Shift_Logic_Module_gti [\Shift_Logic_Module_gti(c_data_s...]
Compiling architecture imp of entity microblaze_v10_0_4.mul_unit [\mul_unit(c_data_size=32,c_targe...]
Compiling architecture imp of entity microblaze_v10_0_4.Barrel_Shifter_gti [\Barrel_Shifter_gti(c_data_size=...]
Compiling architecture imp of entity microblaze_v10_0_4.WB_Mux_Bit [\WB_Mux_Bit(c_target=artix7,c_lu...]
Compiling architecture imp of entity microblaze_v10_0_4.WB_Mux [\WB_Mux(c_data_size=32,c_daddr_s...]
Compiling architecture imp of entity microblaze_v10_0_4.Zero_Detect_gti [\Zero_Detect_gti(c_data_size=32,...]
Compiling architecture imp of entity microblaze_v10_0_4.Byte_Doublet_Handle_gti [\Byte_Doublet_Handle_gti(c_data_...]
Compiling architecture imp of entity microblaze_v10_0_4.Data_Flow_Logic [\Data_Flow_Logic(c_data_size=32,...]
Compiling architecture msr_reg of entity microblaze_v10_0_4.msr_reg_gti [\msr_reg_gti(c_data_size=32,c_ta...]
Compiling architecture lut6_2_v of entity unisim.LUT6_2 [\LUT6_2(init="111111110000000011...]
Compiling architecture imp of entity microblaze_v10_0_4.MB_LUT6_2 [\MB_LUT6_2(c_target=artix7,init=...]
Compiling architecture imp of entity microblaze_v10_0_4.mux_bus [\mux_bus(c_target=artix7,c_allow...]
Compiling architecture lut6_2_v of entity unisim.LUT6_2 [\LUT6_2(init="100101101001011010...]
Compiling architecture imp of entity microblaze_v10_0_4.MB_LUT6_2 [\MB_LUT6_2(c_target=artix7,init=...]
Compiling architecture fde_v of entity unisim.FDE [fde_default]
Compiling architecture imp of entity microblaze_v10_0_4.MB_FDE [\MB_FDE(c_target=artix7)\]
Compiling architecture imp of entity microblaze_v10_0_4.exception_registers_gti [\exception_registers_gti(c_data_...]
Compiling architecture imp of entity microblaze_v10_0_4.Fpu [\Fpu(c_data_size=32,c_target=art...]
Compiling architecture imp of entity microblaze_v10_0_4.PVR [\PVR(c_data_size=32,c_daddr_size...]
Compiling architecture imp of entity microblaze_v10_0_4.Data_Flow_gti [\Data_Flow_gti(c_data_size=32,c_...]
Compiling architecture imp of entity microblaze_v10_0_4.read_data_mux [\read_data_mux(c_data_size=32,c_...]
Compiling architecture imp of entity microblaze_v10_0_4.instr_mux [\instr_mux(c_instr_size=32,c_tar...]
Compiling architecture imp of entity microblaze_v10_0_4.MMU [\MMU(c_data_size=32,c_daddr_size...]
Compiling architecture imp of entity microblaze_v10_0_4.MicroBlaze_GTi [\MicroBlaze_GTi(c_num_sync_ff_cl...]
Compiling architecture imp of entity microblaze_v10_0_4.mb_sync_bit [mb_sync_bit_default]
Compiling architecture imp of entity microblaze_v10_0_4.MicroBlaze_Core [\MicroBlaze_Core(c_freq=10000000...]
Compiling architecture imp of entity microblaze_v10_0_4.MicroBlaze [\MicroBlaze(c_freq=100000000,c_e...]
Compiling architecture embsys_microblaze_0_0_arch of entity xil_defaultlib.embsys_microblaze_0_0 [embsys_microblaze_0_0_default]
Compiling architecture byte_data_ram_a of entity axi_intc_v4_1_10.shared_ram_ivar [shared_ram_ivar_default]
Compiling architecture imp of entity axi_intc_v4_1_10.intc_core [\intc_core(c_family="artix7",c_k...]
Compiling architecture imp of entity axi_lite_ipif_v3_0_4.pselect_f [\pselect_f(c_ab=3,c_aw=9,c_bar="...]
Compiling architecture imp of entity axi_lite_ipif_v3_0_4.pselect_f [\pselect_f(c_ab=2,c_aw=9,c_bar="...]
Compiling architecture imp of entity axi_lite_ipif_v3_0_4.address_decoder [\address_decoder(c_bus_awidth=9,...]
Compiling architecture imp of entity axi_lite_ipif_v3_0_4.slave_attachment [\slave_attachment(c_ard_addr_ran...]
Compiling architecture imp of entity axi_lite_ipif_v3_0_4.axi_lite_ipif [\axi_lite_ipif(c_s_axi_addr_widt...]
Compiling architecture imp of entity axi_intc_v4_1_10.axi_intc [\axi_intc(c_family="artix7",c_in...]
Compiling architecture embsys_microblaze_0_axi_intc_0_arch of entity xil_defaultlib.embsys_microblaze_0_axi_intc_0 [embsys_microblaze_0_axi_intc_0_d...]
Compiling architecture structure of entity xil_defaultlib.m00_couplers_imp_OEGTNN [m00_couplers_imp_oegtnn_default]
Compiling architecture structure of entity xil_defaultlib.m01_couplers_imp_1X988FM [m01_couplers_imp_1x988fm_default]
Compiling architecture structure of entity xil_defaultlib.m02_couplers_imp_1LSUSSG [m02_couplers_imp_1lsussg_default]
Compiling architecture structure of entity xil_defaultlib.m03_couplers_imp_Z0V64X [m03_couplers_imp_z0v64x_default]
Compiling architecture structure of entity xil_defaultlib.m04_couplers_imp_10K59R8 [m04_couplers_imp_10k59r8_default]
Compiling architecture structure of entity xil_defaultlib.m05_couplers_imp_CO79RP [m05_couplers_imp_co79rp_default]
Compiling architecture structure of entity xil_defaultlib.m06_couplers_imp_17TSQV [m06_couplers_imp_17tsqv_default]
Compiling architecture structure of entity xil_defaultlib.m07_couplers_imp_1B6JKGM [m07_couplers_imp_1b6jkgm_default]
Compiling architecture structure of entity xil_defaultlib.m08_couplers_imp_A8EFSC [m08_couplers_imp_a8efsc_default]
Compiling architecture structure of entity xil_defaultlib.m09_couplers_imp_12FSMBH [m09_couplers_imp_12fsmbh_default]
Compiling architecture structure of entity xil_defaultlib.m10_couplers_imp_1LSYS80 [m10_couplers_imp_1lsys80_default]
Compiling architecture structure of entity xil_defaultlib.m11_couplers_imp_Z0XR01 [m11_couplers_imp_z0xr01_default]
Compiling architecture structure of entity xil_defaultlib.s00_couplers_imp_QRRRG2 [s00_couplers_imp_qrrrg2_default]
Compiling module axi_crossbar_v2_1_15.axi_crossbar_v2_1_15_addr_arbite...
Compiling module generic_baseblocks_v2_1_0.generic_baseblocks_v2_1_0_carry_...
Compiling module generic_baseblocks_v2_1_0.generic_baseblocks_v2_1_0_compar...
Compiling module generic_baseblocks_v2_1_0.generic_baseblocks_v2_1_0_compar...
Compiling module generic_baseblocks_v2_1_0.generic_baseblocks_v2_1_0_compar...
Compiling module generic_baseblocks_v2_1_0.generic_baseblocks_v2_1_0_compar...
Compiling module generic_baseblocks_v2_1_0.generic_baseblocks_v2_1_0_compar...
Compiling module generic_baseblocks_v2_1_0.generic_baseblocks_v2_1_0_compar...
Compiling module generic_baseblocks_v2_1_0.generic_baseblocks_v2_1_0_compar...
Compiling module generic_baseblocks_v2_1_0.generic_baseblocks_v2_1_0_compar...
Compiling module generic_baseblocks_v2_1_0.generic_baseblocks_v2_1_0_compar...
Compiling module generic_baseblocks_v2_1_0.generic_baseblocks_v2_1_0_compar...
Compiling module generic_baseblocks_v2_1_0.generic_baseblocks_v2_1_0_compar...
Compiling module axi_crossbar_v2_1_15.axi_crossbar_v2_1_15_addr_decode...
Compiling module axi_crossbar_v2_1_15.axi_crossbar_v2_1_15_splitter(C_...
Compiling module axi_crossbar_v2_1_15.axi_crossbar_v2_1_15_splitter
Compiling module generic_baseblocks_v2_1_0.generic_baseblocks_v2_1_0_mux_en...
Compiling module generic_baseblocks_v2_1_0.generic_baseblocks_v2_1_0_mux_en...
Compiling module generic_baseblocks_v2_1_0.generic_baseblocks_v2_1_0_mux_en...
Compiling module axi_register_slice_v2_1_14.axi_register_slice_v2_1_14_axic_...
Compiling module generic_baseblocks_v2_1_0.generic_baseblocks_v2_1_0_mux_en...
Compiling module axi_crossbar_v2_1_15.axi_crossbar_v2_1_15_decerr_slav...
Compiling module axi_crossbar_v2_1_15.axi_crossbar_v2_1_15_crossbar_sa...
Compiling module axi_crossbar_v2_1_15.axi_crossbar_v2_1_15_axi_crossba...
Compiling module xil_defaultlib.embsys_xbar_0
Compiling architecture structure of entity xil_defaultlib.embsys_microblaze_0_axi_periph_0 [embsys_microblaze_0_axi_periph_0...]
Compiling architecture imp of entity lmb_bram_if_cntlr_v4_0_13.pselect_mask [\pselect_mask(c_bar="00000000000...]
Compiling architecture imp of entity lmb_bram_if_cntlr_v4_0_13.lmb_mux [\lmb_mux(c_baseaddr="00000000000...]
Compiling architecture imp of entity lmb_bram_if_cntlr_v4_0_13.lmb_bram_if_cntlr [\lmb_bram_if_cntlr(c_family="art...]
Compiling architecture embsys_dlmb_bram_if_cntlr_0_arch of entity xil_defaultlib.embsys_dlmb_bram_if_cntlr_0 [embsys_dlmb_bram_if_cntlr_0_defa...]
Compiling architecture imp of entity lmb_v10_v3_0_9.lmb_v10 [\lmb_v10(c_lmb_num_slaves=1)\]
Compiling architecture embsys_dlmb_v10_0_arch of entity xil_defaultlib.embsys_dlmb_v10_0 [embsys_dlmb_v10_0_default]
Compiling architecture imp of entity lmb_bram_if_cntlr_v4_0_13.pselect_mask [\pselect_mask(c_bar="00000000000...]
Compiling architecture imp of entity lmb_bram_if_cntlr_v4_0_13.lmb_mux [\lmb_mux(c_baseaddr="00000000000...]
Compiling architecture imp of entity lmb_bram_if_cntlr_v4_0_13.lmb_bram_if_cntlr [\lmb_bram_if_cntlr(c_family="art...]
Compiling architecture embsys_ilmb_bram_if_cntlr_0_arch of entity xil_defaultlib.embsys_ilmb_bram_if_cntlr_0 [embsys_ilmb_bram_if_cntlr_0_defa...]
Compiling architecture embsys_ilmb_v10_0_arch of entity xil_defaultlib.embsys_ilmb_v10_0 [embsys_ilmb_v10_0_default]
Compiling module blk_mem_gen_v8_4_0.blk_mem_gen_v8_4_0_output_stage(...
Compiling module blk_mem_gen_v8_4_0.blk_mem_gen_v8_4_0_softecc_outpu...
Compiling module blk_mem_gen_v8_4_0.blk_mem_gen_v8_4_0_mem_module(C_...
Compiling module blk_mem_gen_v8_4_0.blk_mem_gen_v8_4_0(C_FAMILY="art...
Compiling module xil_defaultlib.embsys_lmb_bram_0
Compiling architecture structure of entity xil_defaultlib.microblaze_0_local_memory_imp_1SR2TDT [microblaze_0_local_memory_imp_1s...]
Compiling module xlconcat_v2_1_1.xlconcat_v2_1_1_xlconcat_default
Compiling module xil_defaultlib.embsys_microblaze_0_xlconcat_0
Compiling module xil_defaultlib.debounce_default
Compiling module xil_defaultlib.Digit
Compiling module xil_defaultlib.sevensegment
Compiling module xil_defaultlib.rgbpwm_default
Compiling module xil_defaultlib.nexys4IO_v2_0_S00_AXI_default
Compiling module xil_defaultlib.nexys4IO_v2_0
Compiling module xil_defaultlib.embsys_nexys4IO_0_0
Compiling architecture implementation of entity lib_cdc_v1_0_2.cdc_sync [\cdc_sync(c_vector_width=2,c_mtb...]
Compiling architecture srl16e_v of entity unisim.SRL16E [\SRL16E(init="1111111111111111")...]
Compiling architecture srl16_v of entity unisim.SRL16 [\SRL16(init="1111111111111111")(...]
Compiling architecture imp of entity proc_sys_reset_v5_0_12.lpf [\lpf(c_ext_rst_width=4,c_aux_rst...]
Compiling architecture imp of entity proc_sys_reset_v5_0_12.upcnt_n [\upcnt_n(c_size=6)\]
Compiling architecture imp of entity proc_sys_reset_v5_0_12.sequence_psr [sequence_psr_default]
Compiling architecture imp of entity proc_sys_reset_v5_0_12.proc_sys_reset [\proc_sys_reset(c_family="artix7...]
Compiling architecture embsys_rst_clk_wiz_1_100m_0_arch of entity xil_defaultlib.embsys_rst_clk_wiz_1_100M_0 [embsys_rst_clk_wiz_1_100m_0_defa...]
Compiling architecture structure of entity xil_defaultlib.embsys [embsys_default]
Compiling module unisims_ver.IOBUF
Compiling module xil_defaultlib.pwm_detection
Compiling module xil_defaultlib.n4fpga
Compiling module xil_defaultlib.glbl
Built simulation snapshot n4fpga_behav
